Log file open, 04/03/20 21:02:59
LogWindows: Failed to load 'aqProf.dll' (GetLastError=126)
LogWindows: File 'aqProf.dll' does not exist
LogWindows: Failed to load 'VtuneApi.dll' (GetLastError=126)
LogWindows: File 'VtuneApi.dll' does not exist
LogWindows: Failed to load 'VtuneApi32e.dll' (GetLastError=126)
LogWindows: File 'VtuneApi32e.dll' does not exist
LogConsoleResponse: Display: Failed to find resolution value strings in scalability ini. Falling back to default.
LogInit: Display: Running engine for game: Particles
LogPakFile: Registered encryption key '00000000000000000000000000000000': 0 pak files mounted, 0 remain pending
LogPlatformFile: Not using cached read wrapper
LogTaskGraph: Started task graph with 5 named threads and 23 total threads with 3 sets of task threads.
LogStats: Stats thread started at 0.315484
LogD3D11RHI: Loaded GFSDK_Aftermath_Lib.x64.dll
LogICUInternationalization: ICU TimeZone Detection - Raw Offset: +0:00, Platform Override: ''
LogPluginManager: Mounting plugin Paper2D
LogPluginManager: Mounting plugin AISupport
LogPluginManager: Mounting plugin LightPropagationVolume
LogPluginManager: Mounting plugin ActorLayerUtilities
LogPluginManager: Mounting plugin AnimationSharing
LogPluginManager: Mounting plugin CLionSourceCodeAccess
LogPluginManager: Mounting plugin CodeLiteSourceCodeAccess
LogPluginManager: Mounting plugin GitSourceControl
LogPluginManager: Mounting plugin KDevelopSourceCodeAccess
LogPluginManager: Mounting plugin NullSourceCodeAccess
LogPluginManager: Mounting plugin PerforceSourceControl
LogPluginManager: Mounting plugin SubversionSourceControl
LogPluginManager: Mounting plugin UObjectPlugin
LogPluginManager: Mounting plugin VisualStudioCodeSourceCodeAccess
LogPluginManager: Mounting plugin VisualStudioSourceCodeAccess
LogPluginManager: Mounting plugin XCodeSourceCodeAccess
LogPluginManager: Mounting plugin AssetManagerEditor
LogPluginManager: Mounting plugin CryptoKeys
LogPluginManager: Mounting plugin DataValidation
LogPluginManager: Mounting plugin FacialAnimation
LogPluginManager: Mounting plugin GameplayTagsEditor
LogPluginManager: Mounting plugin MacGraphicsSwitching
LogPluginManager: Mounting plugin MaterialAnalyzer
LogPluginManager: Mounting plugin MobileLauncherProfileWizard
LogPluginManager: Mounting plugin PluginBrowser
LogPluginManager: Mounting plugin SpeedTreeImporter
LogPluginManager: Mounting plugin DatasmithContent
LogPluginManager: Mounting plugin VariantManagerContent
LogPluginManager: Mounting plugin AlembicImporter
LogPluginManager: Mounting plugin AppleImageUtils
LogPluginManager: Mounting plugin AppleVision
LogPluginManager: Mounting plugin BackChannel
LogPluginManager: Mounting plugin CharacterAI
LogPluginManager: Mounting plugin GeometryCache
LogPluginManager: Mounting plugin HTML5Networking
LogPluginManager: Mounting plugin ProxyLODPlugin
LogPluginManager: Mounting plugin SkeletalReduction
LogPluginManager: Mounting plugin MagicLeap
LogPluginManager: Mounting plugin MagicLeapMedia
LogPluginManager: Mounting plugin AndroidMedia
LogPluginManager: Mounting plugin AvfMedia
LogPluginManager: Mounting plugin ImgMedia
LogPluginManager: Mounting plugin LinearTimecode
LogPluginManager: Mounting plugin MediaCompositing
LogPluginManager: Mounting plugin MediaPlayerEditor
LogPluginManager: Mounting plugin WebMMedia
LogPluginManager: Mounting plugin WmfMedia
LogPluginManager: Mounting plugin TcpMessaging
LogPluginManager: Mounting plugin UdpMessaging
LogPluginManager: Mounting plugin ActorSequence
LogPluginManager: Mounting plugin LevelSequenceEditor
LogPluginManager: Mounting plugin MatineeToLevelSequence
LogPluginManager: Mounting plugin NetcodeUnitTest
LogPluginManager: Mounting plugin NUTUnrealEngine4
LogPluginManager: Mounting plugin OnlineSubsystemGooglePlay
LogPluginManager: Mounting plugin OnlineSubsystemIOS
LogPluginManager: Mounting plugin OnlineSubsystem
LogPluginManager: Mounting plugin OnlineSubsystemNull
LogPluginManager: Mounting plugin OnlineSubsystemUtils
LogPluginManager: Mounting plugin LauncherChunkInstaller
LogPluginManager: Mounting plugin AndroidDeviceProfileSelector
LogPluginManager: Mounting plugin AndroidMoviePlayer
LogPluginManager: Mounting plugin AndroidPermission
LogPluginManager: Mounting plugin AppleMoviePlayer
LogPluginManager: Mounting plugin ArchVisCharacter
LogPluginManager: Mounting plugin AudioCapture
LogPluginManager: Mounting plugin CableComponent
LogPluginManager: Mounting plugin CustomMeshComponent
LogPluginManager: Mounting plugin EditableMesh
LogPluginManager: Mounting plugin ExampleDeviceProfileSelector
LogPluginManager: Mounting plugin Firebase
LogPluginManager: Mounting plugin GoogleCloudMessaging
LogPluginManager: Mounting plugin IOSDeviceProfileSelector
LogPluginManager: Mounting plugin LinuxDeviceProfileSelector
LogPluginManager: Mounting plugin LocationServicesBPLibrary
LogPluginManager: Mounting plugin MobilePatchingUtils
LogPluginManager: Mounting plugin OculusVR
LogPluginManager: Mounting plugin PhysXVehicles
LogPluginManager: Mounting plugin ProceduralMeshComponent
LogPluginManager: Mounting plugin RuntimePhysXCooking
LogPluginManager: Mounting plugin SignificanceManager
LogPluginManager: Mounting plugin SteamVR
LogPluginManager: Mounting plugin WebMMoviePlayer
LogPluginManager: Mounting plugin WindowsMoviePlayer
LogInit: Using libcurl 7.55.1-DEV
LogInit:  - built for x86_64-pc-win32
LogInit:  - supports SSL with OpenSSL/1.1.1
LogInit:  - supports HTTP deflate (compression) using libz 1.2.8
LogInit:  - other features:
LogInit:      CURL_VERSION_SSL
LogInit:      CURL_VERSION_LIBZ
LogInit:      CURL_VERSION_IPV6
LogInit:      CURL_VERSION_ASYNCHDNS
LogInit:      CURL_VERSION_LARGEFILE
LogInit:      CURL_VERSION_IDN
LogInit:  CurlRequestOptions (configurable via config and command line):
LogInit:  - bVerifyPeer = true  - Libcurl will verify peer certificate
LogInit:  - bUseHttpProxy = false  - Libcurl will NOT use HTTP proxy
LogInit:  - bDontReuseConnections = false  - Libcurl will reuse connections
LogInit:  - MaxHostConnections = 16  - Libcurl will limit the number of connections to a host
LogInit:  - LocalHostAddr = Default
LogInit:  - BufferSize = 65536
LogInit: WinSock: version 1.1 (2.2), MaxSocks=32767, MaxUdp=65467
LogInit: Build: ++UE4+Release-4.22-CL-7053642
LogInit: Engine Version: 4.22.3-7053642+++UE4+Release-4.22
LogInit: Compatible Engine Version: 4.22.0-5660361+++UE4+Release-4.22
LogInit: Net CL: 5660361
LogInit: OS: Windows 10 (Release 1909) (), CPU: Intel(R) Core(TM) i7-8650U CPU @ 1.90GHz, GPU: Intel(R) UHD Graphics 620
LogInit: Compiled (64-bit): Jun 18 2019 03:09:11
LogInit: Compiled with Visual C++: 19.16.27025.01
LogInit: Build Configuration: Development
LogInit: Branch Name: ++UE4+Release-4.22
LogInit: Command Line: 
LogInit: Base Directory: C:/Program Files/Epic Games/UE_4.22/Engine/Binaries/Win64/
LogInit: Installed Engine Build: 1
LogDevObjectVersion: Number of dev versions registered: 23
LogDevObjectVersion:   Dev-Blueprints (B0D832E4-1F89-4F0D-ACCF-7EB736FD4AA2): 10
LogDevObjectVersion:   Dev-Build (E1C64328-A22C-4D53-A36C-8E866417BD8C): 0
LogDevObjectVersion:   Dev-Core (375EC13C-06E4-48FB-B500-84F0262A717E): 3
LogDevObjectVersion:   Dev-Editor (E4B068ED-F494-42E9-A231-DA0B2E46BB41): 30
LogDevObjectVersion:   Dev-Framework (CFFC743F-43B0-4480-9391-14DF171D2073): 35
LogDevObjectVersion:   Dev-Mobile (B02B49B5-BB20-44E9-A304-32B752E40360): 2
LogDevObjectVersion:   Dev-Networking (A4E4105C-59A1-49B5-A7C5-40C4547EDFEE): 0
LogDevObjectVersion:   Dev-Online (39C831C9-5AE6-47DC-9A44-9C173E1C8E7C): 0
LogDevObjectVersion:   Dev-Physics (78F01B33-EBEA-4F98-B9B4-84EACCB95AA2): 0
LogDevObjectVersion:   Dev-Platform (6631380F-2D4D-43E0-8009-CF276956A95A): 0
LogDevObjectVersion:   Dev-Rendering (12F88B9F-8875-4AFC-A67C-D90C383ABD29): 28
LogDevObjectVersion:   Dev-Sequencer (7B5AE74C-D270-4C10-A958-57980B212A5A): 11
LogDevObjectVersion:   Dev-VR (D7296918-1DD6-4BDD-9DE2-64A83CC13884): 2
LogDevObjectVersion:   Dev-LoadTimes (C2A15278-BFE7-4AFE-6C17-90FF531DF755): 1
LogDevObjectVersion:   Private-Geometry (6EACA3D4-40EC-4CC1-B786-8BED09428FC5): 3
LogDevObjectVersion:   Dev-AnimPhys (29E575DD-E0A3-4627-9D10-D276232CDCEA): 17
LogDevObjectVersion:   Dev-Anim (AF43A65D-7FD3-4947-9873-3E8ED9C1BB05): 2
LogDevObjectVersion:   Dev-ReflectionCapture (6B266CEC-1EC7-4B8F-A30B-E4D90942FC07): 1
LogDevObjectVersion:   Dev-Automation (0DF73D61-A23F-47EA-B727-89E90C41499A): 1
LogDevObjectVersion:   FortniteMain (601D1886-AC64-4F84-AA16-D3DE0DEAC7D6): 25
LogDevObjectVersion:   Dev-Enterprise (9DFFBCD6-494F-0158-E221-12823C92A888): 6
LogDevObjectVersion:   Dev-Niagara (F2AED0AC-9AFE-416F-8664-AA7FFA26D6FC): 1
LogDevObjectVersion:   Dev-Destruction (174F1F0B-B4C6-45A5-B13F-2EE8D0FB917D): 2
LogInit: Presizing for max 16777216 objects, including 0 objects not considered by GC, pre-allocating 0 bytes for permanent pool.
LogInit: Object subsystem initialized
LogConfig: Setting CVar [[con.DebugEarlyDefault:1]]
LogConfig: Setting CVar [[r.setres:1280x720]]
[2020.04.03-20.03.00:156][  0]LogConfig: Setting CVar [[r.VSync:0]]
[2020.04.03-20.03.00:156][  0]LogConfig: Setting CVar [[r.RHICmdBypass:0]]
[2020.04.03-20.03.00:156][  0]LogConfig: Applying CVar settings from Section [/Script/Engine.RendererSettings] File [C:/Users/pauls/Documents/GitHub/ParticlesUE4Testing/Particles/Saved/Config/Windows/Engine.ini]
[2020.04.03-20.03.00:156][  0]LogConfig: Setting CVar [[r.GPUCrashDebugging:0]]
[2020.04.03-20.03.00:156][  0]LogConfig: Applying CVar settings from Section [/Script/Engine.RendererOverrideSettings] File [C:/Users/pauls/Documents/GitHub/ParticlesUE4Testing/Particles/Saved/Config/Windows/Engine.ini]
[2020.04.03-20.03.00:156][  0]LogConfig: Applying CVar settings from Section [/Script/Engine.StreamingSettings] File [C:/Users/pauls/Documents/GitHub/ParticlesUE4Testing/Particles/Saved/Config/Windows/Engine.ini]
[2020.04.03-20.03.00:156][  0]LogConfig: Setting CVar [[s.MinBulkDataSizeForAsyncLoading:131072]]
[2020.04.03-20.03.00:156][  0]LogConfig: Setting CVar [[s.AsyncLoadingThreadEnabled:0]]
[2020.04.03-20.03.00:156][  0]LogConfig: Setting CVar [[s.EventDrivenLoaderEnabled:1]]
[2020.04.03-20.03.00:156][  0]LogConfig: Setting CVar [[s.WarnIfTimeLimitExceeded:0]]
[2020.04.03-20.03.00:156][  0]LogConfig: Setting CVar [[s.TimeLimitExceededMultiplier:1.5]]
[2020.04.03-20.03.00:156][  0]LogConfig: Setting CVar [[s.TimeLimitExceededMinTime:0.005]]
[2020.04.03-20.03.00:156][  0]LogConfig: Setting CVar [[s.UseBackgroundLevelStreaming:1]]
[2020.04.03-20.03.00:156][  0]LogConfig: Setting CVar [[s.PriorityAsyncLoadingExtraTime:15.0]]
[2020.04.03-20.03.00:156][  0]LogConfig: Setting CVar [[s.LevelStreamingActorsUpdateTimeLimit:5.0]]
[2020.04.03-20.03.00:156][  0]LogConfig: Setting CVar [[s.PriorityLevelStreamingActorsUpdateExtraTime:5.0]]
[2020.04.03-20.03.00:156][  0]LogConfig: Setting CVar [[s.LevelStreamingComponentsRegistrationGranularity:10]]
[2020.04.03-20.03.00:156][  0]LogConfig: Setting CVar [[s.UnregisterComponentsTimeLimit:1.0]]
[2020.04.03-20.03.00:156][  0]LogConfig: Setting CVar [[s.LevelStreamingComponentsUnregistrationGranularity:5]]
[2020.04.03-20.03.00:156][  0]LogConfig: Applying CVar settings from Section [/Script/Engine.GarbageCollectionSettings] File [C:/Users/pauls/Documents/GitHub/ParticlesUE4Testing/Particles/Saved/Config/Windows/Engine.ini]
[2020.04.03-20.03.00:156][  0]LogConfig: Setting CVar [[gc.MaxObjectsNotConsideredByGC:1]]
[2020.04.03-20.03.00:156][  0]LogConfig: Setting CVar [[gc.SizeOfPermanentObjectPool:0]]
[2020.04.03-20.03.00:156][  0]LogConfig: Setting CVar [[gc.FlushStreamingOnGC:0]]
[2020.04.03-20.03.00:156][  0]LogConfig: Setting CVar [[gc.NumRetriesBeforeForcingGC:10]]
[2020.04.03-20.03.00:156][  0]LogConfig: Setting CVar [[gc.AllowParallelGC:1]]
[2020.04.03-20.03.00:156][  0]LogConfig: Setting CVar [[gc.TimeBetweenPurgingPendingKillObjects:61.1]]
[2020.04.03-20.03.00:156][  0]LogConfig: Setting CVar [[gc.MaxObjectsInEditor:16777216]]
[2020.04.03-20.03.00:156][  0]LogConfig: Setting CVar [[gc.IncrementalBeginDestroyEnabled:1]]
[2020.04.03-20.03.00:156][  0]LogConfig: Setting CVar [[gc.CreateGCClusters:1]]
[2020.04.03-20.03.00:156][  0]LogConfig: Setting CVar [[gc.MinGCClusterSize:5]]
[2020.04.03-20.03.00:156][  0]LogConfig: Setting CVar [[gc.ActorClusteringEnabled:0]]
[2020.04.03-20.03.00:156][  0]LogConfig: Setting CVar [[gc.BlueprintClusteringEnabled:0]]
[2020.04.03-20.03.00:156][  0]LogConfig: Setting CVar [[gc.UseDisregardForGCOnDedicatedServers:0]]
[2020.04.03-20.03.00:156][  0]LogConfig: Applying CVar settings from Section [/Script/Engine.NetworkSettings] File [C:/Users/pauls/Documents/GitHub/ParticlesUE4Testing/Particles/Saved/Config/Windows/Engine.ini]
[2020.04.03-20.03.00:156][  0]LogConfig: Applying CVar settings from Section [/Script/UnrealEd.CookerSettings] File [C:/Users/pauls/Documents/GitHub/ParticlesUE4Testing/Particles/Saved/Config/Windows/Engine.ini]
[2020.04.03-20.03.00:159][  0]LogConfig: Applying CVar settings from Section [ViewDistanceQuality@3] File [C:/Users/pauls/Documents/GitHub/ParticlesUE4Testing/Particles/Saved/Config/Windows/Scalability.ini]
[2020.04.03-20.03.00:159][  0]LogConfig: Setting CVar [[r.SkeletalMeshLODBias:0]]
[2020.04.03-20.03.00:159][  0]LogConfig: Setting CVar [[r.ViewDistanceScale:1.0]]
[2020.04.03-20.03.00:159][  0]LogConfig: Applying CVar settings from Section [AntiAliasingQuality@3] File [C:/Users/pauls/Documents/GitHub/ParticlesUE4Testing/Particles/Saved/Config/Windows/Scalability.ini]
[2020.04.03-20.03.00:160][  0]LogConfig: Setting CVar [[r.PostProcessAAQuality:4]]
[2020.04.03-20.03.00:160][  0]LogConfig: Applying CVar settings from Section [ShadowQuality@3] File [C:/Users/pauls/Documents/GitHub/ParticlesUE4Testing/Particles/Saved/Config/Windows/Scalability.ini]
[2020.04.03-20.03.00:160][  0]LogConfig: Setting CVar [[r.LightFunctionQuality:1]]
[2020.04.03-20.03.00:160][  0]LogConfig: Setting CVar [[r.ShadowQuality:5]]
[2020.04.03-20.03.00:160][  0]LogConfig: Setting CVar [[r.Shadow.CSM.MaxCascades:10]]
[2020.04.03-20.03.00:160][  0]LogConfig: Setting CVar [[r.Shadow.MaxResolution:2048]]
[2020.04.03-20.03.00:160][  0]LogConfig: Setting CVar [[r.Shadow.MaxCSMResolution:2048]]
[2020.04.03-20.03.00:160][  0]LogConfig: Setting CVar [[r.Shadow.RadiusThreshold:0.01]]
[2020.04.03-20.03.00:160][  0]LogConfig: Setting CVar [[r.Shadow.DistanceScale:1.0]]
[2020.04.03-20.03.00:160][  0]LogConfig: Setting CVar [[r.Shadow.CSM.TransitionScale:1.0]]
[2020.04.03-20.03.00:160][  0]LogConfig: Setting CVar [[r.Shadow.PreShadowResolutionFactor:1.0]]
[2020.04.03-20.03.00:160][  0]LogConfig: Setting CVar [[r.DistanceFieldShadowing:1]]
[2020.04.03-20.03.00:160][  0]LogConfig: Setting CVar [[r.DistanceFieldAO:1]]
[2020.04.03-20.03.00:160][  0]LogConfig: Setting CVar [[r.AOQuality:2]]
[2020.04.03-20.03.00:160][  0]LogConfig: Setting CVar [[r.VolumetricFog:1]]
[2020.04.03-20.03.00:160][  0]LogConfig: Setting CVar [[r.VolumetricFog.GridPixelSize:8]]
[2020.04.03-20.03.00:160][  0]LogConfig: Setting CVar [[r.VolumetricFog.GridSizeZ:128]]
[2020.04.03-20.03.00:160][  0]LogConfig: Setting CVar [[r.VolumetricFog.HistoryMissSupersampleCount:4]]
[2020.04.03-20.03.00:160][  0]LogConfig: Setting CVar [[r.LightMaxDrawDistanceScale:1]]
[2020.04.03-20.03.00:160][  0]LogConfig: Setting CVar [[r.CapsuleShadows:1]]
[2020.04.03-20.03.00:160][  0]LogConfig: Applying CVar settings from Section [PostProcessQuality@3] File [C:/Users/pauls/Documents/GitHub/ParticlesUE4Testing/Particles/Saved/Config/Windows/Scalability.ini]
[2020.04.03-20.03.00:160][  0]LogConfig: Setting CVar [[r.MotionBlurQuality:4]]
[2020.04.03-20.03.00:160][  0]LogConfig: Setting CVar [[r.AmbientOcclusionMipLevelFactor:0.4]]
[2020.04.03-20.03.00:160][  0]LogConfig: Setting CVar [[r.AmbientOcclusionMaxQuality:100]]
[2020.04.03-20.03.00:160][  0]LogConfig: Setting CVar [[r.AmbientOcclusionLevels:-1]]
[2020.04.03-20.03.00:160][  0]LogConfig: Setting CVar [[r.AmbientOcclusionRadiusScale:1.0]]
[2020.04.03-20.03.00:160][  0]LogConfig: Setting CVar [[r.DepthOfFieldQuality:2]]
[2020.04.03-20.03.00:160][  0]LogConfig: Setting CVar [[r.RenderTargetPoolMin:400]]
[2020.04.03-20.03.00:160][  0]LogConfig: Setting CVar [[r.LensFlareQuality:2]]
[2020.04.03-20.03.00:161][  0]LogConfig: Setting CVar [[r.SceneColorFringeQuality:1]]
[2020.04.03-20.03.00:161][  0]LogConfig: Setting CVar [[r.EyeAdaptationQuality:2]]
[2020.04.03-20.03.00:161][  0]LogConfig: Setting CVar [[r.BloomQuality:5]]
[2020.04.03-20.03.00:161][  0]LogConfig: Setting CVar [[r.FastBlurThreshold:100]]
[2020.04.03-20.03.00:161][  0]LogConfig: Setting CVar [[r.Upscale.Quality:3]]
[2020.04.03-20.03.00:161][  0]LogConfig: Setting CVar [[r.Tonemapper.GrainQuantization:1]]
[2020.04.03-20.03.00:161][  0]LogConfig: Setting CVar [[r.LightShaftQuality:1]]
[2020.04.03-20.03.00:161][  0]LogConfig: Setting CVar [[r.Filter.SizeScale:1]]
[2020.04.03-20.03.00:161][  0]LogConfig: Setting CVar [[r.Tonemapper.Quality:5]]
[2020.04.03-20.03.00:161][  0]LogConfig: Setting CVar [[r.DOF.Gather.AccumulatorQuality:1        ; higher gathering accumulator quality]]
[2020.04.03-20.03.00:161][  0]LogConfig: Setting CVar [[r.DOF.Gather.PostfilterMethod:1          ; Median3x3 postfilering method]]
[2020.04.03-20.03.00:161][  0]LogConfig: Setting CVar [[r.DOF.Gather.EnableBokehSettings:0       ; no bokeh simulation when gathering]]
[2020.04.03-20.03.00:161][  0]LogConfig: Setting CVar [[r.DOF.Gather.RingCount:4                 ; medium number of samples when gathering]]
[2020.04.03-20.03.00:161][  0]LogConfig: Setting CVar [[r.DOF.Scatter.ForegroundCompositing:1    ; additive foreground scattering]]
[2020.04.03-20.03.00:161][  0]LogConfig: Setting CVar [[r.DOF.Scatter.BackgroundCompositing:2    ; additive background scattering]]
[2020.04.03-20.03.00:161][  0]LogConfig: Setting CVar [[r.DOF.Scatter.EnableBokehSettings:1      ; bokeh simulation when scattering]]
[2020.04.03-20.03.00:161][  0]LogConfig: Setting CVar [[r.DOF.Scatter.MaxSpriteRatio:0.1         ; only a maximum of 10% of scattered bokeh]]
[2020.04.03-20.03.00:161][  0]LogConfig: Setting CVar [[r.DOF.Recombine.Quality:1                ; cheap slight out of focus]]
[2020.04.03-20.03.00:161][  0]LogConfig: Setting CVar [[r.DOF.Recombine.EnableBokehSettings:0    ; no bokeh simulation on slight out of focus]]
[2020.04.03-20.03.00:161][  0]LogConfig: Setting CVar [[r.DOF.TemporalAAQuality:1                ; more stable temporal accumulation]]
[2020.04.03-20.03.00:161][  0]LogConfig: Setting CVar [[r.DOF.Kernel.MaxForegroundRadius:0.025]]
[2020.04.03-20.03.00:161][  0]LogConfig: Setting CVar [[r.DOF.Kernel.MaxBackgroundRadius:0.025]]
[2020.04.03-20.03.00:161][  0]LogConfig: Applying CVar settings from Section [TextureQuality@3] File [C:/Users/pauls/Documents/GitHub/ParticlesUE4Testing/Particles/Saved/Config/Windows/Scalability.ini]
[2020.04.03-20.03.00:161][  0]LogConfig: Setting CVar [[r.Streaming.MipBias:0]]
[2020.04.03-20.03.00:161][  0]LogConfig: Setting CVar [[r.Streaming.AmortizeCPUToGPUCopy:0]]
[2020.04.03-20.03.00:161][  0]LogConfig: Setting CVar [[r.Streaming.MaxNumTexturesToStreamPerFrame:0]]
[2020.04.03-20.03.00:161][  0]LogConfig: Setting CVar [[r.Streaming.Boost:1]]
[2020.04.03-20.03.00:161][  0]LogConfig: Setting CVar [[r.MaxAnisotropy:8]]
[2020.04.03-20.03.00:161][  0]LogConfig: Setting CVar [[r.Streaming.LimitPoolSizeToVRAM:0]]
[2020.04.03-20.03.00:161][  0]LogConfig: Setting CVar [[r.Streaming.PoolSize:1000]]
[2020.04.03-20.03.00:161][  0]LogConfig: Setting CVar [[r.Streaming.MaxEffectiveScreenSize:0]]
[2020.04.03-20.03.00:162][  0]LogConfig: Applying CVar settings from Section [EffectsQuality@3] File [C:/Users/pauls/Documents/GitHub/ParticlesUE4Testing/Particles/Saved/Config/Windows/Scalability.ini]
[2020.04.03-20.03.00:162][  0]LogConfig: Setting CVar [[r.TranslucencyLightingVolumeDim:64]]
[2020.04.03-20.03.00:162][  0]LogConfig: Setting CVar [[r.RefractionQuality:2]]
[2020.04.03-20.03.00:162][  0]LogConfig: Setting CVar [[r.SSR.Quality:3]]
[2020.04.03-20.03.00:162][  0]LogConfig: Setting CVar [[r.SceneColorFormat:4]]
[2020.04.03-20.03.00:162][  0]LogConfig: Setting CVar [[r.DetailMode:2]]
[2020.04.03-20.03.00:162][  0]LogConfig: Setting CVar [[r.TranslucencyVolumeBlur:1]]
[2020.04.03-20.03.00:162][  0]LogConfig: Setting CVar [[r.MaterialQualityLevel:1 ; High quality]]
[2020.04.03-20.03.00:162][  0]LogConfig: Setting CVar [[r.SSS.Scale:1]]
[2020.04.03-20.03.00:162][  0]LogConfig: Setting CVar [[r.SSS.SampleSet:2]]
[2020.04.03-20.03.00:162][  0]LogConfig: Setting CVar [[r.SSS.Quality:1]]
[2020.04.03-20.03.00:162][  0]LogConfig: Setting CVar [[r.SSS.HalfRes:1]]
[2020.04.03-20.03.00:162][  0]LogConfig: Setting CVar [[r.EmitterSpawnRateScale:1.0]]
[2020.04.03-20.03.00:162][  0]LogConfig: Setting CVar [[r.ParticleLightQuality:2]]
[2020.04.03-20.03.00:162][  0]LogConfig: Applying CVar settings from Section [FoliageQuality@3] File [C:/Users/pauls/Documents/GitHub/ParticlesUE4Testing/Particles/Saved/Config/Windows/Scalability.ini]
[2020.04.03-20.03.00:162][  0]LogConfig: Setting CVar [[foliage.DensityScale:1.0]]
[2020.04.03-20.03.00:162][  0]LogConfig: Setting CVar [[grass.DensityScale:1.0]]
[2020.04.03-20.03.00:162][  0]LogInit: Selected Device Profile: [Windows]
[2020.04.03-20.03.00:162][  0]LogInit: Applying CVar settings loaded from the selected device profile: [Windows]
[2020.04.03-20.03.00:181][  0]LogHAL: Display: Platform has ~ 16 GB [17101139968 / 17179869184 / 16], which maps to Larger [LargestMinGB=32, LargerMinGB=12, DefaultMinGB=8, SmallerMinGB=6, SmallestMinGB=0)
[2020.04.03-20.03.00:181][  0]LogConfig: Setting CVar [[r.Vulkan.UseRealUBs:0		; Required until we fix HLR fall-out]]
[2020.04.03-20.03.00:181][  0]LogInit: Going up to parent DeviceProfile []
[2020.04.03-20.03.00:181][  0]LogConfig: Applying CVar settings from Section [ViewDistanceQuality@3] File [C:/Users/pauls/Documents/GitHub/ParticlesUE4Testing/Particles/Saved/Config/Windows/Scalability.ini]
[2020.04.03-20.03.00:181][  0]LogConfig: Setting CVar [[r.SkeletalMeshLODBias:0]]
[2020.04.03-20.03.00:181][  0]LogConfig: Setting CVar [[r.ViewDistanceScale:1.0]]
[2020.04.03-20.03.00:181][  0]LogConfig: Applying CVar settings from Section [AntiAliasingQuality@3] File [C:/Users/pauls/Documents/GitHub/ParticlesUE4Testing/Particles/Saved/Config/Windows/Scalability.ini]
[2020.04.03-20.03.00:181][  0]LogConfig: Setting CVar [[r.PostProcessAAQuality:4]]
[2020.04.03-20.03.00:181][  0]LogConfig: Applying CVar settings from Section [ShadowQuality@3] File [C:/Users/pauls/Documents/GitHub/ParticlesUE4Testing/Particles/Saved/Config/Windows/Scalability.ini]
[2020.04.03-20.03.00:181][  0]LogConfig: Setting CVar [[r.LightFunctionQuality:1]]
[2020.04.03-20.03.00:181][  0]LogConfig: Setting CVar [[r.ShadowQuality:5]]
[2020.04.03-20.03.00:182][  0]LogConfig: Setting CVar [[r.Shadow.CSM.MaxCascades:10]]
[2020.04.03-20.03.00:182][  0]LogConfig: Setting CVar [[r.Shadow.MaxResolution:2048]]
[2020.04.03-20.03.00:182][  0]LogConfig: Setting CVar [[r.Shadow.MaxCSMResolution:2048]]
[2020.04.03-20.03.00:182][  0]LogConfig: Setting CVar [[r.Shadow.RadiusThreshold:0.01]]
[2020.04.03-20.03.00:182][  0]LogConfig: Setting CVar [[r.Shadow.DistanceScale:1.0]]
[2020.04.03-20.03.00:182][  0]LogConfig: Setting CVar [[r.Shadow.CSM.TransitionScale:1.0]]
[2020.04.03-20.03.00:182][  0]LogConfig: Setting CVar [[r.Shadow.PreShadowResolutionFactor:1.0]]
[2020.04.03-20.03.00:182][  0]LogConfig: Setting CVar [[r.DistanceFieldShadowing:1]]
[2020.04.03-20.03.00:182][  0]LogConfig: Setting CVar [[r.DistanceFieldAO:1]]
[2020.04.03-20.03.00:182][  0]LogConfig: Setting CVar [[r.AOQuality:2]]
[2020.04.03-20.03.00:182][  0]LogConfig: Setting CVar [[r.VolumetricFog:1]]
[2020.04.03-20.03.00:182][  0]LogConfig: Setting CVar [[r.VolumetricFog.GridPixelSize:8]]
[2020.04.03-20.03.00:182][  0]LogConfig: Setting CVar [[r.VolumetricFog.GridSizeZ:128]]
[2020.04.03-20.03.00:182][  0]LogConfig: Setting CVar [[r.VolumetricFog.HistoryMissSupersampleCount:4]]
[2020.04.03-20.03.00:182][  0]LogConfig: Setting CVar [[r.LightMaxDrawDistanceScale:1]]
[2020.04.03-20.03.00:182][  0]LogConfig: Setting CVar [[r.CapsuleShadows:1]]
[2020.04.03-20.03.00:182][  0]LogConfig: Applying CVar settings from Section [PostProcessQuality@3] File [C:/Users/pauls/Documents/GitHub/ParticlesUE4Testing/Particles/Saved/Config/Windows/Scalability.ini]
[2020.04.03-20.03.00:182][  0]LogConfig: Setting CVar [[r.MotionBlurQuality:4]]
[2020.04.03-20.03.00:182][  0]LogConfig: Setting CVar [[r.AmbientOcclusionMipLevelFactor:0.4]]
[2020.04.03-20.03.00:182][  0]LogConfig: Setting CVar [[r.AmbientOcclusionMaxQuality:100]]
[2020.04.03-20.03.00:182][  0]LogConfig: Setting CVar [[r.AmbientOcclusionLevels:-1]]
[2020.04.03-20.03.00:182][  0]LogConfig: Setting CVar [[r.AmbientOcclusionRadiusScale:1.0]]
[2020.04.03-20.03.00:182][  0]LogConfig: Setting CVar [[r.DepthOfFieldQuality:2]]
[2020.04.03-20.03.00:182][  0]LogConfig: Setting CVar [[r.RenderTargetPoolMin:400]]
[2020.04.03-20.03.00:182][  0]LogConfig: Setting CVar [[r.LensFlareQuality:2]]
[2020.04.03-20.03.00:182][  0]LogConfig: Setting CVar [[r.SceneColorFringeQuality:1]]
[2020.04.03-20.03.00:182][  0]LogConfig: Setting CVar [[r.EyeAdaptationQuality:2]]
[2020.04.03-20.03.00:182][  0]LogConfig: Setting CVar [[r.BloomQuality:5]]
[2020.04.03-20.03.00:182][  0]LogConfig: Setting CVar [[r.FastBlurThreshold:100]]
[2020.04.03-20.03.00:182][  0]LogConfig: Setting CVar [[r.Upscale.Quality:3]]
[2020.04.03-20.03.00:182][  0]LogConfig: Setting CVar [[r.Tonemapper.GrainQuantization:1]]
[2020.04.03-20.03.00:182][  0]LogConfig: Setting CVar [[r.LightShaftQuality:1]]
[2020.04.03-20.03.00:182][  0]LogConfig: Setting CVar [[r.Filter.SizeScale:1]]
[2020.04.03-20.03.00:182][  0]LogConfig: Setting CVar [[r.Tonemapper.Quality:5]]
[2020.04.03-20.03.00:182][  0]LogConfig: Setting CVar [[r.DOF.Gather.AccumulatorQuality:1        ; higher gathering accumulator quality]]
[2020.04.03-20.03.00:182][  0]LogConfig: Setting CVar [[r.DOF.Gather.PostfilterMethod:1          ; Median3x3 postfilering method]]
[2020.04.03-20.03.00:182][  0]LogConfig: Setting CVar [[r.DOF.Gather.EnableBokehSettings:0       ; no bokeh simulation when gathering]]
[2020.04.03-20.03.00:182][  0]LogConfig: Setting CVar [[r.DOF.Gather.RingCount:4                 ; medium number of samples when gathering]]
[2020.04.03-20.03.00:182][  0]LogConfig: Setting CVar [[r.DOF.Scatter.ForegroundCompositing:1    ; additive foreground scattering]]
[2020.04.03-20.03.00:182][  0]LogConfig: Setting CVar [[r.DOF.Scatter.BackgroundCompositing:2    ; additive background scattering]]
[2020.04.03-20.03.00:182][  0]LogConfig: Setting CVar [[r.DOF.Scatter.EnableBokehSettings:1      ; bokeh simulation when scattering]]
[2020.04.03-20.03.00:182][  0]LogConfig: Setting CVar [[r.DOF.Scatter.MaxSpriteRatio:0.1         ; only a maximum of 10% of scattered bokeh]]
[2020.04.03-20.03.00:183][  0]LogConfig: Setting CVar [[r.DOF.Recombine.Quality:1                ; cheap slight out of focus]]
[2020.04.03-20.03.00:183][  0]LogConfig: Setting CVar [[r.DOF.Recombine.EnableBokehSettings:0    ; no bokeh simulation on slight out of focus]]
[2020.04.03-20.03.00:183][  0]LogConfig: Setting CVar [[r.DOF.TemporalAAQuality:1                ; more stable temporal accumulation]]
[2020.04.03-20.03.00:183][  0]LogConfig: Setting CVar [[r.DOF.Kernel.MaxForegroundRadius:0.025]]
[2020.04.03-20.03.00:183][  0]LogConfig: Setting CVar [[r.DOF.Kernel.MaxBackgroundRadius:0.025]]
[2020.04.03-20.03.00:183][  0]LogConfig: Applying CVar settings from Section [TextureQuality@3] File [C:/Users/pauls/Documents/GitHub/ParticlesUE4Testing/Particles/Saved/Config/Windows/Scalability.ini]
[2020.04.03-20.03.00:183][  0]LogConfig: Setting CVar [[r.Streaming.MipBias:0]]
[2020.04.03-20.03.00:183][  0]LogConfig: Setting CVar [[r.Streaming.AmortizeCPUToGPUCopy:0]]
[2020.04.03-20.03.00:183][  0]LogConfig: Setting CVar [[r.Streaming.MaxNumTexturesToStreamPerFrame:0]]
[2020.04.03-20.03.00:183][  0]LogConfig: Setting CVar [[r.Streaming.Boost:1]]
[2020.04.03-20.03.00:183][  0]LogConfig: Setting CVar [[r.MaxAnisotropy:8]]
[2020.04.03-20.03.00:183][  0]LogConfig: Setting CVar [[r.Streaming.LimitPoolSizeToVRAM:0]]
[2020.04.03-20.03.00:183][  0]LogConfig: Setting CVar [[r.Streaming.PoolSize:1000]]
[2020.04.03-20.03.00:183][  0]LogConfig: Setting CVar [[r.Streaming.MaxEffectiveScreenSize:0]]
[2020.04.03-20.03.00:183][  0]LogConfig: Applying CVar settings from Section [EffectsQuality@3] File [C:/Users/pauls/Documents/GitHub/ParticlesUE4Testing/Particles/Saved/Config/Windows/Scalability.ini]
[2020.04.03-20.03.00:183][  0]LogConfig: Setting CVar [[r.TranslucencyLightingVolumeDim:64]]
[2020.04.03-20.03.00:183][  0]LogConfig: Setting CVar [[r.RefractionQuality:2]]
[2020.04.03-20.03.00:183][  0]LogConfig: Setting CVar [[r.SSR.Quality:3]]
[2020.04.03-20.03.00:183][  0]LogConfig: Setting CVar [[r.SceneColorFormat:4]]
[2020.04.03-20.03.00:183][  0]LogConfig: Setting CVar [[r.DetailMode:2]]
[2020.04.03-20.03.00:183][  0]LogConfig: Setting CVar [[r.TranslucencyVolumeBlur:1]]
[2020.04.03-20.03.00:183][  0]LogConfig: Setting CVar [[r.MaterialQualityLevel:1 ; High quality]]
[2020.04.03-20.03.00:183][  0]LogConfig: Setting CVar [[r.SSS.Scale:1]]
[2020.04.03-20.03.00:183][  0]LogConfig: Setting CVar [[r.SSS.SampleSet:2]]
[2020.04.03-20.03.00:183][  0]LogConfig: Setting CVar [[r.SSS.Quality:1]]
[2020.04.03-20.03.00:183][  0]LogConfig: Setting CVar [[r.SSS.HalfRes:1]]
[2020.04.03-20.03.00:183][  0]LogConfig: Setting CVar [[r.EmitterSpawnRateScale:1.0]]
[2020.04.03-20.03.00:183][  0]LogConfig: Setting CVar [[r.ParticleLightQuality:2]]
[2020.04.03-20.03.00:183][  0]LogConfig: Applying CVar settings from Section [FoliageQuality@3] File [C:/Users/pauls/Documents/GitHub/ParticlesUE4Testing/Particles/Saved/Config/Windows/Scalability.ini]
[2020.04.03-20.03.00:183][  0]LogConfig: Setting CVar [[foliage.DensityScale:1.0]]
[2020.04.03-20.03.00:183][  0]LogConfig: Setting CVar [[grass.DensityScale:1.0]]
[2020.04.03-20.03.00:184][  0]LogConfig: Applying CVar settings from Section [Startup] File [../../../Engine/Config/ConsoleVariables.ini]
[2020.04.03-20.03.00:184][  0]LogConfig: Setting CVar [[net.UseAdaptiveNetUpdateFrequency:0]]
[2020.04.03-20.03.00:184][  0]LogConfig: Setting CVar [[p.chaos.AllowCreatePhysxBodies:1]]
[2020.04.03-20.03.00:184][  0]LogConfig: Applying CVar settings from Section [ConsoleVariables] File [C:/Users/pauls/Documents/GitHub/ParticlesUE4Testing/Particles/Saved/Config/Windows/Engine.ini]
[2020.04.03-20.03.00:185][  0]LogInit: Computer: DESKTOP-DOHJ1S5
[2020.04.03-20.03.00:185][  0]LogInit: User: pauls
[2020.04.03-20.03.00:185][  0]LogInit: CPU Page size=4096, Cores=4
[2020.04.03-20.03.00:185][  0]LogInit: High frequency timer resolution =10.000000 MHz
[2020.04.03-20.03.00:185][  0]LogMemory: Memory total: Physical=15.9GB (16GB approx)
[2020.04.03-20.03.00:185][  0]LogMemory: Platform Memory Stats for Windows
[2020.04.03-20.03.00:185][  0]LogMemory: Process Physical Memory: 97.17 MB used, 97.18 MB peak
[2020.04.03-20.03.00:185][  0]LogMemory: Process Virtual Memory: 88.99 MB used, 88.99 MB peak
[2020.04.03-20.03.00:185][  0]LogMemory: Physical Memory: 9018.72 MB used,  7290.20 MB free, 16308.92 MB total
[2020.04.03-20.03.00:185][  0]LogMemory: Virtual Memory: 4642.24 MB used,  134213088.00 MB free, 134217728.00 MB total
[2020.04.03-20.03.00:222][  0]LogInit: Using OS detected language (en-GB).
[2020.04.03-20.03.00:222][  0]LogInit: Using OS detected locale (en-GB).
[2020.04.03-20.03.00:224][  0]LogTextLocalizationManager: No specific localization for 'en-GB' exists, so the 'en' localization will be used.
[2020.04.03-20.03.00:491][  0]LogInit: Setting process to per monitor DPI aware
[2020.04.03-20.03.00:563][  0]LogSlate: New Slate User Created.  User Index 0, Is Virtual User: 0
[2020.04.03-20.03.00:563][  0]LogSlate: Slate User Registered.  User Index 0, Is Virtual User: 0
[2020.04.03-20.03.06:408][  0]LogHMD: Failed to initialize OpenVR with code 208
[2020.04.03-20.03.06:408][  0]LogD3D11RHI: D3D11 adapters:
[2020.04.03-20.03.06:525][  0]LogD3D11RHI:    0. 'NVIDIA GeForce GTX 1060' (Feature Level 11_0)
[2020.04.03-20.03.06:525][  0]LogD3D11RHI:       6054/0/8154 MB DedicatedVideo/DedicatedSystem/SharedSystem, Outputs:1, VendorId:0x10de
[2020.04.03-20.03.06:555][  0]LogD3D11RHI:    1. 'Intel(R) UHD Graphics 620' (Feature Level 11_0)
[2020.04.03-20.03.06:555][  0]LogD3D11RHI:       128/0/8154 MB DedicatedVideo/DedicatedSystem/SharedSystem, Outputs:0, VendorId:0x8086
[2020.04.03-20.03.06:560][  0]LogD3D11RHI:    2. 'Microsoft Basic Render Driver' (Feature Level 11_0)
[2020.04.03-20.03.06:560][  0]LogD3D11RHI:       0/0/8154 MB DedicatedVideo/DedicatedSystem/SharedSystem, Outputs:0, VendorId:0x1414
[2020.04.03-20.03.06:560][  0]LogD3D11RHI: Chosen D3D11 Adapter: 0
[2020.04.03-20.03.06:633][  0]LogD3D11RHI: Creating new Direct3DDevice
[2020.04.03-20.03.06:633][  0]LogD3D11RHI:     GPU DeviceId: 0x1c20 (for the marketing name, search the web for "GPU Device Id")
[2020.04.03-20.03.06:633][  0]LogWindows: EnumDisplayDevices:
[2020.04.03-20.03.06:634][  0]LogWindows:    0. 'Intel(R) UHD Graphics 620' (P:1 D:1)
[2020.04.03-20.03.06:634][  0]LogWindows:    1. 'Intel(R) UHD Graphics 620' (P:0 D:0)
[2020.04.03-20.03.06:635][  0]LogWindows:    2. 'Intel(R) UHD Graphics 620' (P:0 D:0)
[2020.04.03-20.03.06:636][  0]LogWindows: DebugString: PrimaryIsNotTheChoosenAdapter PrimaryIsNotTheChoosenAdapter PrimaryIsNotTheChoosenAdapter FoundDriverCount:0 
[2020.04.03-20.03.06:636][  0]LogD3D11RHI:     Adapter Name: NVIDIA GeForce GTX 1060
[2020.04.03-20.03.06:636][  0]LogD3D11RHI:   Driver Version: Unknown (internal:Unknown, unified:Unknown)
[2020.04.03-20.03.06:636][  0]LogD3D11RHI:      Driver Date: Unknown
[2020.04.03-20.03.06:636][  0]LogRHI: Texture pool is 4237 MB (70% of 6054 MB)
[2020.04.03-20.03.06:710][  0]LogD3D11RHI: Async texture creation enabled
[2020.04.03-20.03.06:740][  0]LogRendererCore: FGlobalReadBuffer::InitRHI
[2020.04.03-20.03.06:740][  0]LogRendererCore: FGlobalReadBuffer::InitRHI
[2020.04.03-20.03.06:740][  0]LogRendererCore: FGlobalReadBuffer::InitRHI
[2020.04.03-20.03.06:751][  0]LogD3D11RHI: GPU Timing Frequency: 1000.000000 (Debug: 2 1)
[2020.04.03-20.03.07:383][  0]LogTemp: Display: Module 'AllDesktopTargetPlatform' loaded TargetPlatform 'AllDesktop'
[2020.04.03-20.03.07:407][  0]LogTemp: Display: Module 'MacClientTargetPlatform' loaded TargetPlatform 'MacClient'
[2020.04.03-20.03.07:432][  0]LogTemp: Display: Module 'MacNoEditorTargetPlatform' loaded TargetPlatform 'MacNoEditor'
[2020.04.03-20.03.07:455][  0]LogTemp: Display: Module 'MacServerTargetPlatform' loaded TargetPlatform 'MacServer'
[2020.04.03-20.03.07:476][  0]LogTemp: Display: Module 'MacTargetPlatform' loaded TargetPlatform 'Mac'
[2020.04.03-20.03.07:504][  0]LogTemp: Display: Module 'WindowsClientTargetPlatform' loaded TargetPlatform 'WindowsClient'
[2020.04.03-20.03.07:537][  0]LogTemp: Display: Module 'WindowsNoEditorTargetPlatform' loaded TargetPlatform 'WindowsNoEditor'
[2020.04.03-20.03.07:575][  0]LogTemp: Display: Module 'WindowsServerTargetPlatform' loaded TargetPlatform 'WindowsServer'
[2020.04.03-20.03.07:589][  0]LogTemp: Display: Module 'WindowsTargetPlatform' loaded TargetPlatform 'Windows'
[2020.04.03-20.03.07:801][  0]LogTemp: Display: Module 'AndroidTargetPlatform' loaded TargetPlatform 'Android'
[2020.04.03-20.03.07:801][  0]LogTemp: Display: Module 'AndroidTargetPlatform' loaded TargetPlatform 'Android_ASTC'
[2020.04.03-20.03.07:802][  0]LogTemp: Display: Module 'AndroidTargetPlatform' loaded TargetPlatform 'Android_ATC'
[2020.04.03-20.03.07:802][  0]LogTemp: Display: Module 'AndroidTargetPlatform' loaded TargetPlatform 'Android_DXT'
[2020.04.03-20.03.07:802][  0]LogTemp: Display: Module 'AndroidTargetPlatform' loaded TargetPlatform 'Android_ETC1'
[2020.04.03-20.03.07:802][  0]LogTemp: Display: Module 'AndroidTargetPlatform' loaded TargetPlatform 'Android_ETC1a'
[2020.04.03-20.03.07:802][  0]LogTemp: Display: Module 'AndroidTargetPlatform' loaded TargetPlatform 'Android_ETC2'
[2020.04.03-20.03.07:802][  0]LogTemp: Display: Module 'AndroidTargetPlatform' loaded TargetPlatform 'Android_PVRTC'
[2020.04.03-20.03.07:802][  0]LogTemp: Display: Module 'AndroidTargetPlatform' loaded TargetPlatform 'AndroidClient'
[2020.04.03-20.03.07:802][  0]LogTemp: Display: Module 'AndroidTargetPlatform' loaded TargetPlatform 'Android_ASTCClient'
[2020.04.03-20.03.07:802][  0]LogTemp: Display: Module 'AndroidTargetPlatform' loaded TargetPlatform 'Android_ATCClient'
[2020.04.03-20.03.07:802][  0]LogTemp: Display: Module 'AndroidTargetPlatform' loaded TargetPlatform 'Android_DXTClient'
[2020.04.03-20.03.07:802][  0]LogTemp: Display: Module 'AndroidTargetPlatform' loaded TargetPlatform 'Android_ETC1Client'
[2020.04.03-20.03.07:802][  0]LogTemp: Display: Module 'AndroidTargetPlatform' loaded TargetPlatform 'Android_ETC1aClient'
[2020.04.03-20.03.07:802][  0]LogTemp: Display: Module 'AndroidTargetPlatform' loaded TargetPlatform 'Android_ETC2Client'
[2020.04.03-20.03.07:802][  0]LogTemp: Display: Module 'AndroidTargetPlatform' loaded TargetPlatform 'Android_PVRTCClient'
[2020.04.03-20.03.07:802][  0]LogTemp: Display: Module 'AndroidTargetPlatform' loaded TargetPlatform 'Android_Multi'
[2020.04.03-20.03.07:802][  0]LogTemp: Display: Module 'AndroidTargetPlatform' loaded TargetPlatform 'Android_MultiClient'
[2020.04.03-20.03.07:807][  0]LogTemp: Display: Module 'HTML5TargetPlatform' loaded TargetPlatform 'HTML5'
[2020.04.03-20.03.07:901][  0]LogTemp: Display: Module 'IOSTargetPlatform' loaded TargetPlatform 'IOSClient'
[2020.04.03-20.03.07:901][  0]LogTemp: Display: Module 'IOSTargetPlatform' loaded TargetPlatform 'IOS'
[2020.04.03-20.03.07:972][  0]LogTemp: Display: Module 'TVOSTargetPlatform' loaded TargetPlatform 'TVOSClient'
[2020.04.03-20.03.07:972][  0]LogTemp: Display: Module 'TVOSTargetPlatform' loaded TargetPlatform 'TVOS'
[2020.04.03-20.03.08:009][  0]LogTemp: Display: Module 'LinuxClientTargetPlatform' loaded TargetPlatform 'LinuxClient'
[2020.04.03-20.03.08:044][  0]LogTemp: Display: Module 'LinuxNoEditorTargetPlatform' loaded TargetPlatform 'LinuxNoEditor'
[2020.04.03-20.03.08:090][  0]LogTemp: Display: Module 'LinuxServerTargetPlatform' loaded TargetPlatform 'LinuxServer'
[2020.04.03-20.03.08:132][  0]LogTemp: Display: Module 'LinuxTargetPlatform' loaded TargetPlatform 'Linux'
[2020.04.03-20.03.08:257][  0]LogTemp: Display: Module 'LuminTargetPlatform' loaded TargetPlatform 'Lumin'
[2020.04.03-20.03.08:257][  0]LogTemp: Display: Module 'LuminTargetPlatform' loaded TargetPlatform 'LuminClient'
[2020.04.03-20.03.08:257][  0]LogTargetPlatformManager: Display: Building Assets For Windows
[2020.04.03-20.03.08:278][  0]LogAudioDebug: Display: Lib vorbis DLL was dynamically loaded.
[2020.04.03-20.03.08:386][  0]LogShaderCompilers: Guid format shader working directory is -30 characters bigger than the processId version (../../../../../../Users/pauls/Documents/GitHub/ParticlesUE4Testing/Particles/Intermediate/Shaders/WorkingDirectory/5800/).
[2020.04.03-20.03.08:387][  0]LogShaderCompilers: Cleaned the shader compiler working directory 'C:/Users/pauls/AppData/Local/Temp/UnrealShaderWorkingDir/6674F46F47E6100B54C3B1856049CD39/'.
[2020.04.03-20.03.08:392][  0]LogXGEController: Cleaning working directory: C:/Users/pauls/AppData/Local/Temp/UnrealXGEWorkingDir/
[2020.04.03-20.03.08:393][  0]LogXGEController: Cannot use XGE Controller as Incredibuild is not installed on this machine.
[2020.04.03-20.03.08:393][  0]LogShaderCompilers: Cannot use XGE Shader Compiler as Incredibuild is not installed on this machine.
[2020.04.03-20.03.08:393][  0]LogShaderCompilers: Display: Using Local Shader Compiler.
[2020.04.03-20.03.09:323][  0]LogDerivedDataCache: Display: Max Cache Size: 512 MB
[2020.04.03-20.03.09:401][  0]LogDerivedDataCache: Loaded boot cache 0.08s 71MB C:/Users/pauls/AppData/Local/UnrealEngine/4.22/DerivedDataCache/Boot.ddc.
[2020.04.03-20.03.09:401][  0]LogDerivedDataCache: Display: Loaded Boot cache: C:/Users/pauls/AppData/Local/UnrealEngine/4.22/DerivedDataCache/Boot.ddc
[2020.04.03-20.03.09:401][  0]LogDerivedDataCache: FDerivedDataBackendGraph:  Pak pak cache file ../../../../../../Users/pauls/Documents/GitHub/ParticlesUE4Testing/Particles/DerivedDataCache/DDC.ddp not found, will not use a pak cache.
[2020.04.03-20.03.09:401][  0]LogDerivedDataCache: Unable to find inner node Pak for hierarchical cache Hierarchy.
[2020.04.03-20.03.09:401][  0]LogDerivedDataCache: FDerivedDataBackendGraph:  CompressedPak pak cache file ../../../../../../Users/pauls/Documents/GitHub/ParticlesUE4Testing/Particles/DerivedDataCache/Compressed.ddp not found, will not use a pak cache.
[2020.04.03-20.03.09:401][  0]LogDerivedDataCache: Unable to find inner node CompressedPak for hierarchical cache Hierarchy.
[2020.04.03-20.03.09:423][  0]LogDerivedDataCache: Display: Pak cache opened for reading ../../../Engine/DerivedDataCache/Compressed.ddp.
[2020.04.03-20.03.09:423][  0]LogDerivedDataCache: FDerivedDataBackendGraph:  EnterprisePak pak cache file ../../../Enterprise/DerivedDataCache/Compressed.ddp not found, will not use a pak cache.
[2020.04.03-20.03.09:423][  0]LogDerivedDataCache: Unable to find inner node EnterprisePak for hierarchical cache Hierarchy.
[2020.04.03-20.03.09:436][  0]LogDerivedDataCache: Using Local data cache path C:/Users/pauls/AppData/Local/UnrealEngine/Common/DerivedDataCache: Writable
[2020.04.03-20.03.09:436][  0]LogDerivedDataCache: Shared data cache path not found in *engine.ini, will not use an Shared cache.
[2020.04.03-20.03.09:436][  0]LogDerivedDataCache: Unable to find inner node Shared for hierarchical cache Hierarchy.
[2020.04.03-20.03.09:481][  0]LogMaterial: Verifying Global Shaders for PCD3D_SM5
[2020.04.03-20.03.09:482][  0]LogSlate: Using FreeType 2.6.0
[2020.04.03-20.03.09:483][  0]LogSlate: SlateFontServices - WITH_FREETYPE: 1, WITH_HARFBUZZ: 1
[2020.04.03-20.03.09:613][  0]LogAssetRegistry: FAssetRegistry took 0.0422 seconds to start up
[2020.04.03-20.03.10:291][  0]LogInit: Selected Device Profile: [Windows]
[2020.04.03-20.03.10:607][  0]LogMeshReduction: Using QuadricMeshReduction for automatic static mesh reduction
[2020.04.03-20.03.10:607][  0]LogMeshReduction: Using SimplygonMeshReduction for automatic skeletal mesh reduction
[2020.04.03-20.03.10:607][  0]LogMeshReduction: Using ProxyLODMeshReduction for automatic mesh merging
[2020.04.03-20.03.10:607][  0]LogMeshReduction: No distributed automatic mesh merging module available
[2020.04.03-20.03.10:607][  0]LogMeshMerging: No distributed automatic mesh merging module available
[2020.04.03-20.03.10:641][  0]LogNetVersion: Particles 1.0.0, NetCL: 5660361, EngineNetVer: 10, GameNetVer: 0 (Checksum: 2275753677)
[2020.04.03-20.03.11:448][  0]LogPackageLocalizationCache: Processed 10 localized package path(s) for 1 prioritized culture(s) in 0.089436 seconds
[2020.04.03-20.03.11:460][  0]LogUObjectArray: 42205 objects as part of root set at end of initial load.
[2020.04.03-20.03.11:460][  0]LogUObjectAllocator: 7325032 out of 0 bytes used by permanent object pool.
[2020.04.03-20.03.11:460][  0]LogUObjectArray: CloseDisregardForGC: 0/0 objects in disregard for GC pool
[2020.04.03-20.03.12:871][  0]LogTcpMessaging: Initializing TcpMessaging bridge
[2020.04.03-20.03.12:886][  0]LogUdpMessaging: Initializing bridge on interface 0.0.0.0:0 to multicast group 230.0.0.1:6666.
[2020.04.03-20.03.13:043][  0]SourceControl: Source control is disabled
[2020.04.03-20.03.13:043][  0]SourceControl: Source control is disabled
[2020.04.03-20.03.13:047][  0]SourceControl: Source control is disabled
[2020.04.03-20.03.13:052][  0]SourceControl: Source control is disabled
[2020.04.03-20.03.13:216][  0]LogAndroidPermission: UAndroidPermissionCallbackProxy::GetInstance
[2020.04.03-20.03.13:523][  0]LogOcInput: OculusInput pre-init called
[2020.04.03-20.03.14:661][  0]LogEngine: Initializing Engine...
[2020.04.03-20.03.14:751][  0]LogHMD: Failed to initialize OpenVR with code 208
[2020.04.03-20.03.14:753][  0]LogStats: UGameplayTagsManager::InitializeManager -  0.000 s
[2020.04.03-20.03.15:133][  0]LogInit: Initializing FReadOnlyCVARCache
[2020.04.03-20.03.15:158][  0]LogAIModule: Creating AISystem for world Untitled
[2020.04.03-20.03.15:239][  0]LogInit: XAudio2 using 'Speakers (Steam Streaming Microphone)' : 2 channels at 48 kHz using 32 bits per sample (channel mask 0x3)
[2020.04.03-20.03.15:321][  0]LogInit: FAudioDevice initialized.
[2020.04.03-20.03.15:321][  0]LogNetVersion: Set ProjectVersion to 1.0.0.0. Version Checksum will be recalculated on next use.
[2020.04.03-20.03.15:413][  0]LogDerivedDataCache: Saved boot cache 0.09s 71MB C:/Users/pauls/AppData/Local/UnrealEngine/4.22/DerivedDataCache/Boot.ddc.
[2020.04.03-20.03.15:421][  0]LogInit: Texture streaming: Enabled
[2020.04.03-20.03.15:455][  0]LogEngineSessionManager: EngineSessionManager initialized
[2020.04.03-20.03.15:455][  0]LogEngineSessionManager: EngineSessionManager sent abnormal shutdown report. Type=Crashed, SessionId={82DCADA1-4C79-30F5-3CCA-A08CFB1ECCA7}
[2020.04.03-20.03.15:489][  0]LogInit: Transaction tracking system initialized
[2020.04.03-20.03.15:530][  0]BlueprintLog: New page: Editor Load
[2020.04.03-20.03.15:702][  0]LocalizationService: Localization service is disabled
[2020.04.03-20.03.16:309][  0]LogFileCache: Scanning file cache for directory 'C:/Users/pauls/Documents/GitHub/ParticlesUE4Testing/Particles/Content/' took 0.02s
[2020.04.03-20.03.16:309][  0]LogCook: Display: Max memory allowance for cook 16384mb min free memory 0mb
[2020.04.03-20.03.16:310][  0]LogCook: Display: Mobile HDR setting 1
[2020.04.03-20.03.16:672][  0]SourceControl: Source control is disabled
[2020.04.03-20.03.16:672][  0]Cmd: MAP LOAD FILE="../../../../../../Users/pauls/Documents/GitHub/ParticlesUE4Testing/Particles/Content/TopDownBP/Maps/TopDownExampleMap.umap" TEMPLATE=0 SHOWPROGRESS=1 FEATURELEVEL=3
[2020.04.03-20.03.16:672][  0]LightingResults: New page: Lighting Build
[2020.04.03-20.03.16:675][  0]MapCheck: New page: Map Check
[2020.04.03-20.03.16:675][  0]LightingResults: New page: Lighting Build
[2020.04.03-20.03.16:716][  0]LogUObjectHash: Compacting FUObjectHashTables data took   1.99ms
[2020.04.03-20.03.17:024][  0]LogAIModule: Creating AISystem for world TopDownExampleMap
[2020.04.03-20.03.17:038][  0]LogEditorServer: Finished looking for orphan Actors (0.000 secs)
[2020.04.03-20.03.17:081][  0]LogUObjectHash: Compacting FUObjectHashTables data took   2.83ms
[2020.04.03-20.03.17:082][  0]Cmd: MAP CHECKDEP NOCLEARLOG
[2020.04.03-20.03.17:082][  0]MapCheck: Map check complete: 0 Error(s), 0 Warning(s), took 0.199ms to complete.
[2020.04.03-20.03.17:082][  0]LogFileHelpers: Loading map 'TopDownExampleMap' took 0.410
[2020.04.03-20.03.17:239][  0]LogSlate: Updating window title bar state: overlay mode, drag disabled, window buttons hidden, title bar hidden
[2020.04.03-20.03.17:257][  0]LogSlate: Updating window title bar state: overlay mode, drag disabled, window buttons hidden, title bar hidden
[2020.04.03-20.03.17:272][  0]LogSlate: Updating window title bar state: overlay mode, drag disabled, window buttons hidden, title bar hidden
[2020.04.03-20.03.17:288][  0]LogSlate: Updating window title bar state: overlay mode, drag disabled, window buttons hidden, title bar hidden
[2020.04.03-20.03.17:300][  0]LogCollectionManager: Loaded 0 collections in 0.003519 seconds
[2020.04.03-20.03.17:335][  0]LogFileCache: Scanning file cache for directory 'C:/Users/pauls/Documents/GitHub/ParticlesUE4Testing/Particles/Saved/Collections/' took 0.01s
[2020.04.03-20.03.17:335][  0]LogFileCache: Scanning file cache for directory 'C:/Users/pauls/Documents/GitHub/ParticlesUE4Testing/Particles/Content/Developers/pauls/Collections/' took 0.01s
[2020.04.03-20.03.17:336][  0]LogFileCache: Scanning file cache for directory 'C:/Users/pauls/Documents/GitHub/ParticlesUE4Testing/Particles/Content/Collections/' took 0.00s
[2020.04.03-20.03.17:336][  0]LogCollectionManager: Rebuilt the GUID cache for 0 collections in 0.000001 seconds
[2020.04.03-20.03.17:350][  0]LogContentBrowser: Native class hierarchy populated in 0.0139 seconds. Added 2732 classes and 659 folders.
[2020.04.03-20.03.17:361][  0]LogContentBrowser: Native class hierarchy updated for 'WidgetCarousel' in 0.0006 seconds. Added 0 classes and 0 folders.
[2020.04.03-20.03.17:364][  0]LogPakFile: Registered encryption key '00000000000000000000000000000000': 0 pak files mounted, 0 remain pending
[2020.04.03-20.03.17:365][  0]LogPakFile: Registered encryption key '00000000000000000000000000000000': 0 pak files mounted, 0 remain pending
[2020.04.03-20.03.17:366][  0]LogPakFile: Registered encryption key '00000000000000000000000000000000': 0 pak files mounted, 0 remain pending
[2020.04.03-20.03.17:367][  0]LogPakFile: Registered encryption key '00000000000000000000000000000000': 0 pak files mounted, 0 remain pending
[2020.04.03-20.03.17:367][  0]LogPakFile: Registered encryption key '00000000000000000000000000000000': 0 pak files mounted, 0 remain pending
[2020.04.03-20.03.17:368][  0]LogPakFile: Registered encryption key '00000000000000000000000000000000': 0 pak files mounted, 0 remain pending
[2020.04.03-20.03.17:369][  0]LogPakFile: Registered encryption key '00000000000000000000000000000000': 0 pak files mounted, 0 remain pending
[2020.04.03-20.03.17:369][  0]LogPakFile: Registered encryption key '00000000000000000000000000000000': 0 pak files mounted, 0 remain pending
[2020.04.03-20.03.17:370][  0]LogPakFile: Registered encryption key '00000000000000000000000000000000': 0 pak files mounted, 0 remain pending
[2020.04.03-20.03.17:371][  0]LogPakFile: Registered encryption key '00000000000000000000000000000000': 0 pak files mounted, 0 remain pending
[2020.04.03-20.03.17:371][  0]LogPakFile: Registered encryption key '00000000000000000000000000000000': 0 pak files mounted, 0 remain pending
[2020.04.03-20.03.17:372][  0]LogPakFile: Registered encryption key '00000000000000000000000000000000': 0 pak files mounted, 0 remain pending
[2020.04.03-20.03.17:373][  0]LogPakFile: Registered encryption key '00000000000000000000000000000000': 0 pak files mounted, 0 remain pending
[2020.04.03-20.03.17:374][  0]LogPakFile: Registered encryption key '00000000000000000000000000000000': 0 pak files mounted, 0 remain pending
[2020.04.03-20.03.17:374][  0]LogPakFile: Registered encryption key '00000000000000000000000000000000': 0 pak files mounted, 0 remain pending
[2020.04.03-20.03.17:375][  0]LogPakFile: Registered encryption key '00000000000000000000000000000000': 0 pak files mounted, 0 remain pending
[2020.04.03-20.03.17:376][  0]LogPakFile: Registered encryption key '00000000000000000000000000000000': 0 pak files mounted, 0 remain pending
[2020.04.03-20.03.17:376][  0]LogPakFile: Registered encryption key '00000000000000000000000000000000': 0 pak files mounted, 0 remain pending
[2020.04.03-20.03.17:377][  0]LogPakFile: Registered encryption key '00000000000000000000000000000000': 0 pak files mounted, 0 remain pending
[2020.04.03-20.03.17:378][  0]LogPakFile: Registered encryption key '00000000000000000000000000000000': 0 pak files mounted, 0 remain pending
[2020.04.03-20.03.17:379][  0]LogPakFile: Registered encryption key '00000000000000000000000000000000': 0 pak files mounted, 0 remain pending
[2020.04.03-20.03.17:380][  0]LogPakFile: Registered encryption key '00000000000000000000000000000000': 0 pak files mounted, 0 remain pending
[2020.04.03-20.03.17:381][  0]LogPakFile: Registered encryption key '00000000000000000000000000000000': 0 pak files mounted, 0 remain pending
[2020.04.03-20.03.17:384][  0]LogPakFile: Registered encryption key '00000000000000000000000000000000': 0 pak files mounted, 0 remain pending
[2020.04.03-20.03.17:385][  0]LogPakFile: Registered encryption key '00000000000000000000000000000000': 0 pak files mounted, 0 remain pending
[2020.04.03-20.03.17:386][  0]LogPakFile: Registered encryption key '00000000000000000000000000000000': 0 pak files mounted, 0 remain pending
[2020.04.03-20.03.17:435][  0]LogContentBrowser: Native class hierarchy updated for 'AddContentDialog' in 0.0003 seconds. Added 0 classes and 0 folders.
[2020.04.03-20.03.17:443][  0]LogContentBrowser: Native class hierarchy updated for 'SceneOutliner' in 0.0004 seconds. Added 1 classes and 2 folders.
[2020.04.03-20.03.17:579][  0]LogSlate: Took 0.000292 seconds to synchronously load lazily loaded font '../../../Engine/Content/Slate/Fonts/Roboto-Regular.ttf' (155K)
[2020.04.03-20.03.17:584][  0]LogSlate: Took 0.000257 seconds to synchronously load lazily loaded font '../../../Engine/Content/Slate/Fonts/Roboto-Bold.ttf' (160K)
[2020.04.03-20.03.17:600][  0]LogSlate: Took 0.000250 seconds to synchronously load lazily loaded font '../../../Engine/Content/Editor/Slate/Fonts/FontAwesome.ttf' (139K)
[2020.04.03-20.03.17:743][  0]LogRenderer: Reallocating scene render targets to support 1020x576 Format 10 NumSamples 1 (Frame:1).
[2020.04.03-20.03.18:051][  0]LogContentBrowser: Native class hierarchy updated for 'HierarchicalLODOutliner' in 0.0003 seconds. Added 0 classes and 0 folders.
[2020.04.03-20.03.18:051][  0]LogLoad: (Engine Initialization) Total time: 20.48 seconds
[2020.04.03-20.03.18:051][  0]LogLoad: (Engine Initialization) Total Blueprint compile time: 0.00 seconds
[2020.04.03-20.03.18:116][  0]LogAssetRegistry: Asset discovery search completed in 8.5253 seconds
[2020.04.03-20.03.18:118][  0]LogCollectionManager: Rebuilt the object cache for 0 collections in 0.000000 seconds (found 0 objects)
[2020.04.03-20.03.18:119][  0]LogCollectionManager: Fixed up redirectors for 0 collections in 0.000072 seconds (updated 0 objects)
[2020.04.03-20.03.18:122][  0]LogContentStreaming: Texture pool size now 1000 MB
[2020.04.03-20.03.26:568][189]LogSlate: FSceneViewport::OnFocusLost() reason 0
[2020.04.03-20.03.26:732][191]LogTemp: Repeating last play command: Selected Viewport
[2020.04.03-20.03.26:761][191]LogBlueprintUserMessages: Early PlayInEditor Detection: Level '/Game/TopDownBP/Maps/TopDownExampleMap.TopDownExampleMap:PersistentLevel' has LevelScriptBlueprint '/Game/TopDownBP/Maps/TopDownExampleMap.TopDownExampleMap:PersistentLevel.TopDownExampleMap' with GeneratedClass '/Game/TopDownBP/Maps/TopDownExampleMap.TopDownExampleMap_C' with ClassGeneratedBy '/Game/TopDownBP/Maps/TopDownExampleMap.TopDownExampleMap:PersistentLevel.TopDownExampleMap'
[2020.04.03-20.03.26:762][191]LogPlayLevel: PlayLevel: No blueprints needed recompiling
[2020.04.03-20.03.26:763][191]PIE: New page: PIE session: TopDownExampleMap (3 Apr 2020 22:03:26)
[2020.04.03-20.03.26:776][191]LogPlayLevel: Creating play world package: /Game/TopDownBP/Maps/UEDPIE_0_TopDownExampleMap
[2020.04.03-20.03.26:794][191]LogPlayLevel: PIE: StaticDuplicateObject took: (0.017942s)
[2020.04.03-20.03.26:797][191]LogAIModule: Creating AISystem for world TopDownExampleMap
[2020.04.03-20.03.26:799][191]LogPlayLevel: PIE: World Init took: (0.003929s)
[2020.04.03-20.03.26:799][191]LogPlayLevel: PIE: Created PIE world by copying editor world from /Game/TopDownBP/Maps/TopDownExampleMap.TopDownExampleMap to /Game/TopDownBP/Maps/UEDPIE_0_TopDownExampleMap.TopDownExampleMap (0.022985s)
[2020.04.03-20.03.26:849][191]LogUObjectHash: Compacting FUObjectHashTables data took   3.76ms
[2020.04.03-20.03.26:895][191]LogInit: XAudio2 using 'Speakers (Steam Streaming Microphone)' : 2 channels at 48 kHz using 32 bits per sample (channel mask 0x3)
[2020.04.03-20.03.26:904][191]LogInit: FAudioDevice initialized.
[2020.04.03-20.03.26:952][191]LogLoad: Game class is 'RTS_GameModeBase_BP_C'
[2020.04.03-20.03.26:955][191]LogWorld: Bringing World /Game/TopDownBP/Maps/UEDPIE_0_TopDownExampleMap.TopDownExampleMap up for play (max tick rate 60) at 2020.04.03-21.03.26
[2020.04.03-20.03.26:957][191]LogWorld: Bringing up level for play took: 0.002659
[2020.04.03-20.03.26:981][191]LogContentBrowser: Native class hierarchy updated for 'MovieSceneCapture' in 0.0009 seconds. Added 20 classes and 0 folders.
[2020.04.03-20.03.26:985][191]PIE: Play in editor start time for /Game/TopDownBP/Maps/UEDPIE_0_TopDownExampleMap -0.225
[2020.04.03-20.03.26:985][191]LogBlueprintUserMessages: Late PlayInEditor Detection: Level '/Game/TopDownBP/Maps/TopDownExampleMap.TopDownExampleMap:PersistentLevel' has LevelScriptBlueprint '/Game/TopDownBP/Maps/TopDownExampleMap.TopDownExampleMap:PersistentLevel.TopDownExampleMap' with GeneratedClass '/Game/TopDownBP/Maps/TopDownExampleMap.TopDownExampleMap_C' with ClassGeneratedBy '/Game/TopDownBP/Maps/TopDownExampleMap.TopDownExampleMap:PersistentLevel.TopDownExampleMap'
[2020.04.03-20.03.31:584][293]LogBlueprintUserMessages: Early EndPlayMap Detection: Level '/Game/TopDownBP/Maps/TopDownExampleMap.TopDownExampleMap:PersistentLevel' has LevelScriptBlueprint '/Game/TopDownBP/Maps/TopDownExampleMap.TopDownExampleMap:PersistentLevel.TopDownExampleMap' with GeneratedClass '/Game/TopDownBP/Maps/TopDownExampleMap.TopDownExampleMap_C' with ClassGeneratedBy '/Game/TopDownBP/Maps/TopDownExampleMap.TopDownExampleMap:PersistentLevel.TopDownExampleMap'
[2020.04.03-20.03.31:585][293]LogSlate: Updating window title bar state: overlay mode, drag disabled, window buttons hidden, title bar hidden
[2020.04.03-20.03.31:694][293]LogPlayLevel: Display: Shutting down PIE online subsystems
[2020.04.03-20.03.31:694][293]LogBlueprintUserMessages: Late EndPlayMap Detection: Level '/Game/TopDownBP/Maps/TopDownExampleMap.TopDownExampleMap:PersistentLevel' has LevelScriptBlueprint '/Game/TopDownBP/Maps/TopDownExampleMap.TopDownExampleMap:PersistentLevel.TopDownExampleMap' with GeneratedClass '/Game/TopDownBP/Maps/TopDownExampleMap.TopDownExampleMap_C' with ClassGeneratedBy '/Game/TopDownBP/Maps/TopDownExampleMap.TopDownExampleMap:PersistentLevel.TopDownExampleMap'
[2020.04.03-20.03.31:743][293]LogSlate: Updating window title bar state: overlay mode, drag disabled, window buttons hidden, title bar hidden
[2020.04.03-20.03.31:752][293]LogUObjectHash: Compacting FUObjectHashTables data took   3.21ms
[2020.04.03-20.03.31:781][294]LogPlayLevel: Display: Destroying online subsystem :Context_2
[2020.04.03-20.03.32:915][319]LogTemp: Repeating last play command: Selected Viewport
[2020.04.03-20.03.32:942][319]LogBlueprintUserMessages: Early PlayInEditor Detection: Level '/Game/TopDownBP/Maps/TopDownExampleMap.TopDownExampleMap:PersistentLevel' has LevelScriptBlueprint '/Game/TopDownBP/Maps/TopDownExampleMap.TopDownExampleMap:PersistentLevel.TopDownExampleMap' with GeneratedClass '/Game/TopDownBP/Maps/TopDownExampleMap.TopDownExampleMap_C' with ClassGeneratedBy '/Game/TopDownBP/Maps/TopDownExampleMap.TopDownExampleMap:PersistentLevel.TopDownExampleMap'
[2020.04.03-20.03.32:942][319]LogPlayLevel: PlayLevel: No blueprints needed recompiling
[2020.04.03-20.03.32:942][319]PIE: New page: PIE session: TopDownExampleMap (3 Apr 2020 22:03:32)
[2020.04.03-20.03.32:942][319]LogPlayLevel: Creating play world package: /Game/TopDownBP/Maps/UEDPIE_0_TopDownExampleMap
[2020.04.03-20.03.32:964][319]LogPlayLevel: PIE: StaticDuplicateObject took: (0.021440s)
[2020.04.03-20.03.32:966][319]LogAIModule: Creating AISystem for world TopDownExampleMap
[2020.04.03-20.03.32:966][319]LogPlayLevel: PIE: World Init took: (0.001723s)
[2020.04.03-20.03.32:966][319]LogPlayLevel: PIE: Created PIE world by copying editor world from /Game/TopDownBP/Maps/TopDownExampleMap.TopDownExampleMap to /Game/TopDownBP/Maps/UEDPIE_0_TopDownExampleMap.TopDownExampleMap (0.023567s)
[2020.04.03-20.03.33:010][319]LogUObjectHash: Compacting FUObjectHashTables data took   1.61ms
[2020.04.03-20.03.33:055][319]LogInit: XAudio2 using 'Speakers (Steam Streaming Microphone)' : 2 channels at 48 kHz using 32 bits per sample (channel mask 0x3)
[2020.04.03-20.03.33:068][319]LogInit: FAudioDevice initialized.
[2020.04.03-20.03.33:102][319]LogLoad: Game class is 'RTS_GameModeBase_BP_C'
[2020.04.03-20.03.33:105][319]LogWorld: Bringing World /Game/TopDownBP/Maps/UEDPIE_0_TopDownExampleMap.TopDownExampleMap up for play (max tick rate 60) at 2020.04.03-21.03.33
[2020.04.03-20.03.33:106][319]LogWorld: Bringing up level for play took: 0.002728
[2020.04.03-20.03.33:124][319]PIE: Play in editor start time for /Game/TopDownBP/Maps/UEDPIE_0_TopDownExampleMap -0.087
[2020.04.03-20.03.33:124][319]LogBlueprintUserMessages: Late PlayInEditor Detection: Level '/Game/TopDownBP/Maps/TopDownExampleMap.TopDownExampleMap:PersistentLevel' has LevelScriptBlueprint '/Game/TopDownBP/Maps/TopDownExampleMap.TopDownExampleMap:PersistentLevel.TopDownExampleMap' with GeneratedClass '/Game/TopDownBP/Maps/TopDownExampleMap.TopDownExampleMap_C' with ClassGeneratedBy '/Game/TopDownBP/Maps/TopDownExampleMap.TopDownExampleMap:PersistentLevel.TopDownExampleMap'
[2020.04.03-20.03.38:754][458]LogBlueprintUserMessages: Early EndPlayMap Detection: Level '/Game/TopDownBP/Maps/TopDownExampleMap.TopDownExampleMap:PersistentLevel' has LevelScriptBlueprint '/Game/TopDownBP/Maps/TopDownExampleMap.TopDownExampleMap:PersistentLevel.TopDownExampleMap' with GeneratedClass '/Game/TopDownBP/Maps/TopDownExampleMap.TopDownExampleMap_C' with ClassGeneratedBy '/Game/TopDownBP/Maps/TopDownExampleMap.TopDownExampleMap:PersistentLevel.TopDownExampleMap'
[2020.04.03-20.03.38:755][458]LogSlate: Updating window title bar state: overlay mode, drag disabled, window buttons hidden, title bar hidden
[2020.04.03-20.03.38:848][458]LogPlayLevel: Display: Shutting down PIE online subsystems
[2020.04.03-20.03.38:849][458]LogBlueprintUserMessages: Late EndPlayMap Detection: Level '/Game/TopDownBP/Maps/TopDownExampleMap.TopDownExampleMap:PersistentLevel' has LevelScriptBlueprint '/Game/TopDownBP/Maps/TopDownExampleMap.TopDownExampleMap:PersistentLevel.TopDownExampleMap' with GeneratedClass '/Game/TopDownBP/Maps/TopDownExampleMap.TopDownExampleMap_C' with ClassGeneratedBy '/Game/TopDownBP/Maps/TopDownExampleMap.TopDownExampleMap:PersistentLevel.TopDownExampleMap'
[2020.04.03-20.03.38:887][458]LogSlate: Updating window title bar state: overlay mode, drag disabled, window buttons hidden, title bar hidden
[2020.04.03-20.03.38:892][458]LogUObjectHash: Compacting FUObjectHashTables data took   1.24ms
[2020.04.03-20.03.38:916][459]LogPlayLevel: Display: Destroying online subsystem :Context_3
[2020.04.03-20.04.02:853][979]LogSlate: Took 0.000195 seconds to synchronously load lazily loaded font '../../../Engine/Content/Slate/Fonts/Roboto-Light.ttf' (167K)
[2020.04.03-20.04.02:869][979]LogAssetEditorManager: Opening Asset editor for ParticleSystem /Game/Materials/SpawnPuff_PE.SpawnPuff_PE
[2020.04.03-20.04.02:892][979]LogContentBrowser: Native class hierarchy updated for 'Cascade' in 0.0003 seconds. Added 2 classes and 2 folders.
[2020.04.03-20.04.10:972][193]LogAssetEditorManager: Opening Asset editor for ParticleSystem /Game/Materials/P_BuildingPuff.P_BuildingPuff
[2020.04.03-20.04.41:126][ 82]LogSlate: FSceneViewport::OnFocusLost() reason 2
[2020.04.03-20.04.43:484][141]LogD3D11RHI: Error: D3DDevice failed CreateBuffer VB with ByteWidth=64, BindFlags=0x1 Usage=2, CPUAccess=0x10000, MiscFlags=0x0
[2020.04.03-20.04.43:484][141]LogD3D11RHI: Error: Result failed 
 at D:\Build\++UE4\Sync\Engine\Source\Runtime\Windows\D3D11RHI\Private\D3D11VertexBuffer.cpp:83 
 with error DXGI_ERROR_DEVICE_REMOVED DXGI_ERROR_DEVICE_HUNG
[2020.04.03-20.04.43:484][141]LogD3D11RHI: [Aftermath] GDynamicRHI=0000024763D0C080, GDX11NVAfterMathEnabled=0, Result=0xFFFFFFFF, bDeviceActive=0
[2020.04.03-20.04.43:485][141]LogWindows: Windows GetLastError: The operation completed successfully. (0)
[2020.04.03-20.04.46:234][141]LogThreadingWindows: Error: Runnable thread RenderThread 11 crashed.
[2020.04.03-20.04.46:234][141]LogWindows: Error: === Critical error: ===
[2020.04.03-20.04.46:234][141]LogWindows: Error: 
[2020.04.03-20.04.46:234][141]LogWindows: Error: Fatal error: [File:D:\Build\++UE4\Sync\Engine\Source\Runtime\Windows\D3D11RHI\Private\D3D11Util.cpp] [Line: 198] 
[2020.04.03-20.04.46:234][141]LogWindows: Error: Unreal Engine is exiting due to D3D device being lost. (Error: 0x887A0006 - 'HUNG')
[2020.04.03-20.04.46:234][141]LogWindows: Error: 
[2020.04.03-20.04.46:234][141]LogWindows: Error: 
[2020.04.03-20.04.46:234][141]LogWindows: Error: Unhandled Exception: 0x00008000
[2020.04.03-20.04.46:234][141]LogWindows: Error: 
[2020.04.03-20.04.46:234][141]LogWindows: Error: [Callstack] 0x00007ffbeb3ea859 KERNELBASE.dll!UnknownFunction []
[2020.04.03-20.04.46:234][141]LogWindows: Error: [Callstack] 0x00007ffb822b3667 UE4Editor-Core.dll!UnknownFunction []
[2020.04.03-20.04.46:234][141]LogWindows: Error: [Callstack] 0x00007ffb822b46e0 UE4Editor-Core.dll!UnknownFunction []
[2020.04.03-20.04.46:234][141]LogWindows: Error: [Callstack] 0x00007ffb820c7d1a UE4Editor-Core.dll!UnknownFunction []
[2020.04.03-20.04.46:234][141]LogWindows: Error: [Callstack] 0x00007ffb8204fe33 UE4Editor-Core.dll!UnknownFunction []
[2020.04.03-20.04.46:234][141]LogWindows: Error: [Callstack] 0x00007ffb8204fd18 UE4Editor-Core.dll!UnknownFunction []
[2020.04.03-20.04.46:234][141]LogWindows: Error: [Callstack] 0x00007ffb9d252a23 UE4Editor-D3D11RHI.dll!UnknownFunction []
[2020.04.03-20.04.46:234][141]LogWindows: Error: [Callstack] 0x00007ffb9d25629e UE4Editor-D3D11RHI.dll!UnknownFunction []
[2020.04.03-20.04.46:234][141]LogWindows: Error: [Callstack] 0x00007ffb9d241778 UE4Editor-D3D11RHI.dll!UnknownFunction []
[2020.04.03-20.04.46:234][141]LogWindows: Error: [Callstack] 0x00007ffb9d21337e UE4Editor-D3D11RHI.dll!UnknownFunction []
[2020.04.03-20.04.46:234][141]LogWindows: Error: [Callstack] 0x00007ffb9d23bc38 UE4Editor-D3D11RHI.dll!UnknownFunction []
[2020.04.03-20.04.46:234][141]LogWindows: Error: [Callstack] 0x00007ffba62de8e0 UE4Editor-RHI.dll!UnknownFunction []
[2020.04.03-20.04.46:235][141]LogWindows: Error: [Callstack] 0x00007ffba62de4c4 UE4Editor-RHI.dll!UnknownFunction []
[2020.04.03-20.04.46:235][141]LogWindows: Error: [Callstack] 0x00007ffba62df444 UE4Editor-RHI.dll!UnknownFunction []
[2020.04.03-20.04.46:235][141]LogWindows: Error: [Callstack] 0x00007ffba62f05da UE4Editor-RHI.dll!UnknownFunction []
[2020.04.03-20.04.46:235][141]LogWindows: Error: [Callstack] 0x00007ffb588785e3 UE4Editor-Renderer.dll!UnknownFunction []
[2020.04.03-20.04.46:235][141]LogWindows: Error: [Callstack] 0x00007ffb588cd2b4 UE4Editor-Renderer.dll!UnknownFunction []
[2020.04.03-20.04.46:235][141]LogWindows: Error: [Callstack] 0x00007ffb589b5caf UE4Editor-Renderer.dll!UnknownFunction []
[2020.04.03-20.04.46:235][141]LogWindows: Error: [Callstack] 0x00007ffb589ac25d UE4Editor-Renderer.dll!UnknownFunction []
[2020.04.03-20.04.46:235][141]LogWindows: Error: [Callstack] 0x00007ffb58aedcdd UE4Editor-Renderer.dll!UnknownFunction []
[2020.04.03-20.04.46:235][141]LogWindows: Error: [Callstack] 0x00007ffb58aec19f UE4Editor-Renderer.dll!UnknownFunction []
[2020.04.03-20.04.46:235][141]LogWindows: Error: [Callstack] 0x00007ffb589fc98c UE4Editor-Renderer.dll!UnknownFunction []
[2020.04.03-20.04.46:235][141]LogWindows: Error: [Callstack] 0x00007ffb587b2fea UE4Editor-Renderer.dll!UnknownFunction []
[2020.04.03-20.04.46:235][141]LogWindows: Error: [Callstack] 0x00007ffb58c0f9b0 UE4Editor-Renderer.dll!UnknownFunction []
[2020.04.03-20.04.46:235][141]LogWindows: Error: [Callstack] 0x00007ffb58beea52 UE4Editor-Renderer.dll!UnknownFunction []
[2020.04.03-20.04.46:235][141]LogWindows: Error: [Callstack] 0x00007ffb81ed22d8 UE4Editor-Core.dll!UnknownFunction []
[2020.04.03-20.04.46:235][141]LogWindows: Error: [Callstack] 0x00007ffb81ed2563 UE4Editor-Core.dll!UnknownFunction []
[2020.04.03-20.04.46:235][141]LogWindows: Error: [Callstack] 0x00007ffb991659f1 UE4Editor-RenderCore.dll!UnknownFunction []
[2020.04.03-20.04.46:235][141]LogWindows: Error: [Callstack] 0x00007ffb9916c184 UE4Editor-RenderCore.dll!UnknownFunction []
[2020.04.03-20.04.46:235][141]LogWindows: Error: [Callstack] 0x00007ffb822c4b3f UE4Editor-Core.dll!UnknownFunction []
[2020.04.03-20.04.46:235][141]LogWindows: Error: [Callstack] 0x00007ffb822c08a7 UE4Editor-Core.dll!UnknownFunction []
[2020.04.03-20.04.46:235][141]LogWindows: Error: [Callstack] 0x00007ffbed1b7bd4 KERNEL32.DLL!UnknownFunction []
[2020.04.03-20.04.46:235][141]LogWindows: Error: [Callstack] 0x00007ffbee1cced1 ntdll.dll!UnknownFunction []
[2020.04.03-20.04.46:235][141]LogWindows: Error: 
[2020.04.03-20.04.46:235][141]LogWindows: Error: Crash in runnable thread RenderThread 11
[2020.04.03-20.04.46:249][141]LogOutputDevice: Warning: 

Script Stack (0 frames):

[2020.04.03-20.04.46:250][141]LogWindows: Windows GetLastError: The operation completed successfully. (0)
[2020.04.03-20.04.46:250][141]LogWindows: Error: HandleError re-entered.
[2020.04.03-20.04.46:250][141]LogWindows: FPlatformMisc::RequestExit(1)
[2020.04.03-20.04.46:263][141]Log file closed, 04/03/20 21:04:46
